{
    "FunctionName": "hello-cli",
    "FunctionArn": "arn:aws:lambda:sa-east-1:317354187713:function:hello-cli:1",
    "Runtime": "nodejs12.x",
    "Role": "arn:aws:iam::317354187713:role/lambda-exemplo",
    "Handler": "index.handler",
    "CodeSize": 329,
    "Description": "",
    "Timeout": 3,
    "MemorySize": 128,
    "LastModified": "2021-11-27T19:24:02.000+0000",
    "CodeSha256": "9FHTJ1ZEQ+T85V3htzisazkQKI0exvIbGrmBZY0m32c=",
    "Version": "1",
    "TracingConfig": {
        "Mode": "PassThrough"
    },
    "RevisionId": "0640c44d-fd08-4eda-8036-077a3bb1f992",
    "State": "Pending",
    "StateReason": "The function is being created.",
    "StateReasonCode": "Creating",
    "PackageType": "Zip"
}
